Base path: 'C:/Program Files/Unity/Editor/Data', plugins path 'C:/Program Files/Unity/Editor/Data/PlaybackEngines'
Cmd: initializeCompiler
Cmd: preprocess
  insize=811 outsize=209 ok=1
Cmd: preprocess
  insize=811 outsize=209 ok=1
Cmd: preprocess
  insize=811 outsize=209 ok=1
Cmd: preprocess
  insize=811 outsize=209 ok=1
Cmd: preprocess
  insize=811 outsize=209 ok=1
Cmd: preprocess
  insize=811 outsize=209 ok=1
Cmd: preprocess
  insize=811 outsize=209 ok=1
Cmd: preprocess
  insize=811 outsize=209 ok=1
Cmd: preprocess
  insize=811 outsize=209 ok=1
Cmd: preprocess
  insize=811 outsize=209 ok=1
Cmd: preprocess
  insize=811 outsize=209 ok=1
Cmd: preprocess
  insize=811 outsize=209 ok=1
Cmd: preprocess
  insize=811 outsize=209 ok=1
Cmd: preprocess
  insize=811 outsize=209 ok=1
Cmd: preprocess
  insize=811 outsize=209 ok=1
Cmd: preprocess
  insize=811 outsize=209 ok=1
Cmd: preprocess
  insize=811 outsize=209 ok=1
Cmd: preprocess
  insize=811 outsize=209 ok=1
Cmd: preprocess
  insize=811 outsize=209 ok=1
Cmd: preprocess
  insize=811 outsize=209 ok=1
Cmd: preprocess
  insize=811 outsize=209 ok=1
Cmd: preprocess
  insize=3720 outsize=415 ok=1
Cmd: preprocess
  insize=4024 outsize=408 ok=1
Cmd: preprocess
  insize=3280 outsize=408 ok=1
Cmd: preprocess
  insize=4209 outsize=408 ok=1
Cmd: preprocess
  insize=3954 outsize=408 ok=1
Cmd: preprocess
  insize=4137 outsize=408 ok=1
Cmd: preprocess
  insize=4730 outsize=407 ok=1
Cmd: preprocess
  insize=4919 outsize=408 ok=1
Cmd: preprocess
  insize=5466 outsize=404 ok=1
Cmd: preprocess
  insize=5830 outsize=406 ok=1
Cmd: preprocess
  insize=3985 outsize=407 ok=1
Cmd: preprocess
  insize=42313 outsize=1865 ok=1
Cmd: preprocess
  insize=6832 outsize=403 ok=1
Cmd: preprocess
  insize=4242 outsize=408 ok=1
Cmd: preprocess
  insize=4651 outsize=403 ok=1
Cmd: preprocess
  insize=6449 outsize=404 ok=1
Cmd: preprocess
  insize=3982 outsize=408 ok=1
Cmd: preprocess
  insize=4665 outsize=402 ok=1
Cmd: preprocess
  insize=6463 outsize=404 ok=1
Cmd: preprocess
  insize=6846 outsize=404 ok=1
Cmd: preprocess
  insize=42355 outsize=1864 ok=1
Cmd: preprocess
  insize=811 outsize=209 ok=1
Cmd: preprocess
  insize=3983 outsize=408 ok=1
Cmd: preprocess
  insize=4649 outsize=403 ok=1
Cmd: preprocess
  insize=6447 outsize=404 ok=1
Cmd: preprocess
  insize=6830 outsize=404 ok=1
Cmd: preprocess
  insize=42307 outsize=1865 ok=1
Cmd: preprocess
  insize=40775 outsize=1873 ok=1
Cmd: compileSnippet
  api=4 type=0 insize=13654 outsize=978 kw=USE_SHAPE_LIGHT_TYPE_0 pd=UNITY_ENABLE_REFLECTION_BUFFERS UNITY_USE_DITHER_MASK_FOR_ALPHABLENDED_SHADOWS UNITY_PBS_USE_BRDF1 UNITY_SPECCUBE_BOX_PROJECTION UNITY_SPECCUBE_BLENDING UNITY_ENABLE_DETAIL_NORMALMAP SHADER_API_DESKTOP UNITY_COLORSPACE_GAMMA UNITY_LIGHT_PROBE_PROXY_VOLUME UNITY_LIGHTMAP_FULL_HDR ok=1
Cmd: compileSnippet
  api=4 type=1 insize=13654 outsize=1382 kw=USE_SHAPE_LIGHT_TYPE_0 pd=UNITY_ENABLE_REFLECTION_BUFFERS UNITY_USE_DITHER_MASK_FOR_ALPHABLENDED_SHADOWS UNITY_PBS_USE_BRDF1 UNITY_SPECCUBE_BOX_PROJECTION UNITY_SPECCUBE_BLENDING UNITY_ENABLE_DETAIL_NORMALMAP SHADER_API_DESKTOP UNITY_COLORSPACE_GAMMA UNITY_LIGHT_PROBE_PROXY_VOLUME UNITY_LIGHTMAP_FULL_HDR ok=1
Cmd: preprocess
  insize=811 outsize=209 ok=1
Cmd: preprocess
  insize=811 outsize=209 ok=1
Cmd: preprocess
  insize=811 outsize=209 ok=1
Cmd: preprocess
  insize=811 outsize=209 ok=1
Cmd: preprocess
  insize=811 outsize=209 ok=1
Cmd: preprocess
  insize=811 outsize=209 ok=1
Cmd: preprocess
  insize=811 outsize=209 ok=1
Cmd: preprocess
  insize=811 outsize=209 ok=1
Cmd: preprocess
  insize=811 outsize=209 ok=1
Cmd: preprocess
  insize=811 outsize=209 ok=1
Cmd: preprocess
  insize=811 outsize=209 ok=1
Cmd: preprocess
  insize=811 outsize=209 ok=1
Cmd: preprocess
  insize=811 outsize=209 ok=1
Cmd: preprocess
  insize=811 outsize=209 ok=1
Cmd: preprocess
  insize=811 outsize=209 ok=1
Cmd: preprocess
  insize=811 outsize=209 ok=1
Cmd: preprocess
  insize=811 outsize=209 ok=1
Cmd: preprocess
  insize=811 outsize=209 ok=1
Cmd: preprocess
  insize=811 outsize=209 ok=1
Cmd: preprocess
  insize=811 outsize=209 ok=1
Cmd: preprocess
  insize=811 outsize=209 ok=1
Cmd: preprocess
  insize=3720 outsize=415 ok=1
Cmd: preprocess
  insize=4024 outsize=408 ok=1
Cmd: preprocess
  insize=3280 outsize=408 ok=1
Cmd: preprocess
  insize=4209 outsize=408 ok=1
Cmd: preprocess
  insize=3954 outsize=408 ok=1
Cmd: preprocess
  insize=4137 outsize=408 ok=1
Cmd: preprocess
  insize=4730 outsize=407 ok=1
Cmd: preprocess
  insize=4919 outsize=408 ok=1
Cmd: preprocess
  insize=5466 outsize=404 ok=1
Cmd: preprocess
  insize=5830 outsize=406 ok=1
Cmd: preprocess
  insize=3983 outsize=408 ok=1
Cmd: preprocess
  insize=42307 outsize=1865 ok=1
Cmd: preprocess
  insize=6830 outsize=404 ok=1
Cmd: preprocess
  insize=4242 outsize=408 ok=1
Cmd: preprocess
  insize=4649 outsize=403 ok=1
Cmd: preprocess
  insize=6447 outsize=404 ok=1
Cmd: preprocess
  insize=6603 outsize=404 ok=1
Cmd: preprocess
  insize=41554 outsize=1866 ok=1
Cmd: preprocess
  insize=811 outsize=209 ok=1
Cmd: preprocess
  insize=6830 outsize=404 ok=1
Cmd: preprocess
  insize=42307 outsize=1864 ok=1
Cmd: preprocess
  insize=40775 outsize=1874 ok=1
Cmd: compileSnippet
  api=4 type=0 insize=13654 outsize=978 kw=USE_SHAPE_LIGHT_TYPE_0 pd=UNITY_ENABLE_REFLECTION_BUFFERS UNITY_USE_DITHER_MASK_FOR_ALPHABLENDED_SHADOWS UNITY_PBS_USE_BRDF1 UNITY_SPECCUBE_BOX_PROJECTION UNITY_SPECCUBE_BLENDING UNITY_ENABLE_DETAIL_NORMALMAP SHADER_API_DESKTOP UNITY_COLORSPACE_GAMMA UNITY_LIGHT_PROBE_PROXY_VOLUME UNITY_LIGHTMAP_FULL_HDR ok=1
Cmd: compileSnippet
  api=4 type=1 insize=13654 outsize=1382 kw=USE_SHAPE_LIGHT_TYPE_0 pd=UNITY_ENABLE_REFLECTION_BUFFERS UNITY_USE_DITHER_MASK_FOR_ALPHABLENDED_SHADOWS UNITY_PBS_USE_BRDF1 UNITY_SPECCUBE_BOX_PROJECTION UNITY_SPECCUBE_BLENDING UNITY_ENABLE_DETAIL_NORMALMAP SHADER_API_DESKTOP UNITY_COLORSPACE_GAMMA UNITY_LIGHT_PROBE_PROXY_VOLUME UNITY_LIGHTMAP_FULL_HDR ok=1
Cmd: preprocess
  insize=40775 outsize=1874 ok=1
Cmd: preprocess
  insize=40775 outsize=1874 ok=1
Cmd: preprocess
  insize=40775 outsize=1874 ok=1
Cmd: preprocess
  insize=40775 outsize=1874 ok=1
Cmd: preprocess
  insize=40775 outsize=1874 ok=1
Cmd: preprocess
  insize=40775 outsize=1874 ok=1
Cmd: preprocess
  insize=40775 outsize=1874 ok=1
Cmd: preprocess
  insize=40775 outsize=1874 ok=1
Cmd: preprocess
  insize=40775 outsize=1874 ok=1
Cmd: preprocess
  insize=40775 outsize=1874 ok=1
Cmd: preprocess
  insize=40775 outsize=1874 ok=1
Cmd: preprocess
  insize=811 outsize=209 ok=1
Cmd: preprocess
  insize=811 outsize=209 ok=1
Cmd: preprocess
  insize=811 outsize=209 ok=1
Cmd: preprocess
  insize=811 outsize=209 ok=1
Cmd: preprocess
  insize=811 outsize=209 ok=1
Cmd: preprocess
  insize=811 outsize=209 ok=1
Cmd: preprocess
  insize=811 outsize=209 ok=1
Cmd: preprocess
  insize=811 outsize=209 ok=1
Cmd: preprocess
  insize=811 outsize=209 ok=1
Cmd: preprocess
  insize=811 outsize=209 ok=1
Cmd: preprocess
  insize=811 outsize=209 ok=1
Cmd: preprocess
  insize=811 outsize=209 ok=1
Cmd: preprocess
  insize=811 outsize=209 ok=1
Cmd: preprocess
  insize=811 outsize=209 ok=1
Cmd: preprocess
  insize=811 outsize=209 ok=1
Cmd: preprocess
  insize=811 outsize=209 ok=1
Cmd: preprocess
  insize=811 outsize=209 ok=1
Cmd: preprocess
  insize=811 outsize=209 ok=1
Cmd: preprocess
  insize=811 outsize=209 ok=1
Cmd: preprocess
  insize=811 outsize=209 ok=1
Cmd: preprocess
  insize=811 outsize=209 ok=1
Cmd: preprocess
  insize=3720 outsize=415 ok=1
Cmd: preprocess
  insize=4024 outsize=408 ok=1
Cmd: preprocess
  insize=3280 outsize=408 ok=1
Cmd: preprocess
  insize=4209 outsize=408 ok=1
Cmd: preprocess
  insize=3954 outsize=408 ok=1
Cmd: preprocess
  insize=4137 outsize=408 ok=1
Cmd: preprocess
  insize=4730 outsize=407 ok=1
Cmd: preprocess
  insize=4919 outsize=408 ok=1
Cmd: preprocess
  insize=5466 outsize=404 ok=1
Cmd: preprocess
  insize=5830 outsize=406 ok=1
Cmd: preprocess
  insize=3983 outsize=408 ok=1
Cmd: preprocess
  insize=42307 outsize=1864 ok=1
Cmd: preprocess
  insize=6830 outsize=404 ok=1
Cmd: preprocess
  insize=4242 outsize=408 ok=1
Cmd: preprocess
  insize=4649 outsize=403 ok=1
Cmd: preprocess
  insize=6447 outsize=404 ok=1
Cmd: preprocess
  insize=811 outsize=209 ok=1
Cmd: preprocess
  insize=6603 outsize=404 ok=1
Cmd: preprocess
  insize=41554 outsize=1866 ok=1
Cmd: preprocess
  insize=6769 outsize=404 ok=1
Cmd: preprocess
  insize=42124 outsize=1865 ok=1
Cmd: preprocess
  insize=41150 outsize=1873 ok=1
Cmd: compileSnippet
  api=4 type=0 insize=13779 outsize=978 kw=USE_SHAPE_LIGHT_TYPE_0 pd=UNITY_ENABLE_REFLECTION_BUFFERS UNITY_USE_DITHER_MASK_FOR_ALPHABLENDED_SHADOWS UNITY_PBS_USE_BRDF1 UNITY_SPECCUBE_BOX_PROJECTION UNITY_SPECCUBE_BLENDING UNITY_ENABLE_DETAIL_NORMALMAP SHADER_API_DESKTOP UNITY_COLORSPACE_GAMMA UNITY_LIGHT_PROBE_PROXY_VOLUME UNITY_LIGHTMAP_FULL_HDR ok=1
Cmd: compileSnippet
  api=4 type=1 insize=13779 outsize=1334 kw=USE_SHAPE_LIGHT_TYPE_0 pd=UNITY_ENABLE_REFLECTION_BUFFERS UNITY_USE_DITHER_MASK_FOR_ALPHABLENDED_SHADOWS UNITY_PBS_USE_BRDF1 UNITY_SPECCUBE_BOX_PROJECTION UNITY_SPECCUBE_BLENDING UNITY_ENABLE_DETAIL_NORMALMAP SHADER_API_DESKTOP UNITY_COLORSPACE_GAMMA UNITY_LIGHT_PROBE_PROXY_VOLUME UNITY_LIGHTMAP_FULL_HDR ok=1
Cmd: preprocess
  insize=811 outsize=209 ok=1
Cmd: preprocess
  insize=811 outsize=209 ok=1
Cmd: preprocess
  insize=811 outsize=209 ok=1
Cmd: preprocess
  insize=811 outsize=209 ok=1
Cmd: preprocess
  insize=811 outsize=209 ok=1
Cmd: preprocess
  insize=811 outsize=209 ok=1
Cmd: preprocess
  insize=811 outsize=209 ok=1
Cmd: preprocess
  insize=811 outsize=209 ok=1
Cmd: preprocess
  insize=811 outsize=209 ok=1
Cmd: preprocess
  insize=811 outsize=209 ok=1
Cmd: preprocess
  insize=811 outsize=209 ok=1
Cmd: preprocess
  insize=811 outsize=209 ok=1
Cmd: preprocess
  insize=811 outsize=209 ok=1
Cmd: preprocess
  insize=811 outsize=209 ok=1
Cmd: preprocess
  insize=811 outsize=209 ok=1
Cmd: preprocess
  insize=811 outsize=209 ok=1
Cmd: preprocess
  insize=811 outsize=209 ok=1
Cmd: preprocess
  insize=811 outsize=209 ok=1
Cmd: preprocess
  insize=811 outsize=209 ok=1
Cmd: preprocess
  insize=811 outsize=209 ok=1
Cmd: preprocess
  insize=811 outsize=209 ok=1
Cmd: preprocess
  insize=3720 outsize=415 ok=1
Cmd: preprocess
  insize=4024 outsize=408 ok=1
Cmd: preprocess
  insize=3280 outsize=408 ok=1
Cmd: preprocess
  insize=4209 outsize=408 ok=1
Cmd: preprocess
  insize=3954 outsize=408 ok=1
Cmd: preprocess
  insize=4137 outsize=408 ok=1
Cmd: preprocess
  insize=4730 outsize=407 ok=1
Cmd: preprocess
  insize=4919 outsize=408 ok=1
Cmd: preprocess
  insize=5466 outsize=404 ok=1
Cmd: preprocess
  insize=5830 outsize=406 ok=1
Cmd: preprocess
  insize=3983 outsize=408 ok=1
Cmd: preprocess
  insize=42124 outsize=1865 ok=1
Cmd: preprocess
  insize=6769 outsize=404 ok=1
Cmd: preprocess
  insize=4242 outsize=408 ok=1
Cmd: preprocess
  insize=4649 outsize=403 ok=1
Cmd: preprocess
  insize=6447 outsize=404 ok=1
Cmd: preprocess
  insize=811 outsize=209 ok=1
Cmd: preprocess
  insize=811 outsize=209 ok=1
Cmd: preprocess
  insize=3720 outsize=415 ok=1
Cmd: preprocess
  insize=6603 outsize=404 ok=1
Cmd: preprocess
  insize=41554 outsize=1866 ok=1
Cmd: preprocess
  insize=811 outsize=209 ok=1
Cmd: preprocess
  insize=6830 outsize=404 ok=1
Cmd: preprocess
  insize=42307 outsize=1865 ok=1
Cmd: preprocess
  insize=40775 outsize=1873 ok=1
Cmd: compileSnippet
  api=4 type=0 insize=13654 outsize=978 kw=USE_SHAPE_LIGHT_TYPE_0 pd=UNITY_ENABLE_REFLECTION_BUFFERS UNITY_USE_DITHER_MASK_FOR_ALPHABLENDED_SHADOWS UNITY_PBS_USE_BRDF1 UNITY_SPECCUBE_BOX_PROJECTION UNITY_SPECCUBE_BLENDING UNITY_ENABLE_DETAIL_NORMALMAP SHADER_API_DESKTOP UNITY_COLORSPACE_GAMMA UNITY_LIGHT_PROBE_PROXY_VOLUME UNITY_LIGHTMAP_FULL_HDR ok=1
Cmd: compileSnippet
  api=4 type=1 insize=13654 outsize=1402 kw=USE_SHAPE_LIGHT_TYPE_0 pd=UNITY_ENABLE_REFLECTION_BUFFERS UNITY_USE_DITHER_MASK_FOR_ALPHABLENDED_SHADOWS UNITY_PBS_USE_BRDF1 UNITY_SPECCUBE_BOX_PROJECTION UNITY_SPECCUBE_BLENDING UNITY_ENABLE_DETAIL_NORMALMAP SHADER_API_DESKTOP UNITY_COLORSPACE_GAMMA UNITY_LIGHT_PROBE_PROXY_VOLUME UNITY_LIGHTMAP_FULL_HDR ok=1
Cmd: preprocess
  insize=811 outsize=209 ok=1
Cmd: preprocess
  insize=811 outsize=209 ok=1
Cmd: preprocess
  insize=811 outsize=209 ok=1
Cmd: preprocess
  insize=811 outsize=209 ok=1
Cmd: preprocess
  insize=811 outsize=209 ok=1
Cmd: preprocess
  insize=811 outsize=209 ok=1
Cmd: preprocess
  insize=811 outsize=209 ok=1
Cmd: preprocess
  insize=811 outsize=209 ok=1
Cmd: preprocess
  insize=811 outsize=209 ok=1
Cmd: preprocess
  insize=811 outsize=209 ok=1
Cmd: preprocess
  insize=811 outsize=209 ok=1
Cmd: preprocess
  insize=811 outsize=209 ok=1
Cmd: preprocess
  insize=811 outsize=209 ok=1
Cmd: preprocess
  insize=811 outsize=209 ok=1
Cmd: preprocess
  insize=811 outsize=209 ok=1
Cmd: preprocess
  insize=811 outsize=209 ok=1
Cmd: preprocess
  insize=811 outsize=209 ok=1
Cmd: preprocess
  insize=811 outsize=209 ok=1
Cmd: preprocess
  insize=811 outsize=209 ok=1
Cmd: preprocess
  insize=811 outsize=209 ok=1
Cmd: preprocess
  insize=811 outsize=209 ok=1
Cmd: preprocess
  insize=3720 outsize=415 ok=1
Cmd: preprocess
  insize=4024 outsize=408 ok=1
Cmd: preprocess
  insize=3280 outsize=408 ok=1
Cmd: preprocess
  insize=4209 outsize=408 ok=1
Cmd: preprocess
  insize=3954 outsize=408 ok=1
Cmd: preprocess
  insize=4137 outsize=408 ok=1
Cmd: preprocess
  insize=4730 outsize=407 ok=1
Cmd: preprocess
  insize=4919 outsize=408 ok=1
Cmd: preprocess
  insize=5466 outsize=404 ok=1
Cmd: preprocess
  insize=5830 outsize=406 ok=1
Cmd: preprocess
  insize=3983 outsize=408 ok=1
Cmd: preprocess
  insize=42307 outsize=1865 ok=1
Cmd: preprocess
  insize=6830 outsize=404 ok=1
Cmd: preprocess
  insize=4242 outsize=408 ok=1
Cmd: preprocess
  insize=4649 outsize=403 ok=1
Cmd: preprocess
  insize=6447 outsize=404 ok=1
Cmd: preprocess
  insize=40679 outsize=1873 ok=1
Cmd: compileSnippet
  api=4 type=0 insize=13622 outsize=978 kw=USE_SHAPE_LIGHT_TYPE_0 pd=UNITY_ENABLE_REFLECTION_BUFFERS UNITY_USE_DITHER_MASK_FOR_ALPHABLENDED_SHADOWS UNITY_PBS_USE_BRDF1 UNITY_SPECCUBE_BOX_PROJECTION UNITY_SPECCUBE_BLENDING UNITY_ENABLE_DETAIL_NORMALMAP SHADER_API_DESKTOP UNITY_COLORSPACE_GAMMA UNITY_LIGHT_PROBE_PROXY_VOLUME UNITY_LIGHTMAP_FULL_HDR ok=1
Cmd: compileSnippet
  api=4 type=1 insize=13622 outsize=1382 kw=USE_SHAPE_LIGHT_TYPE_0 pd=UNITY_ENABLE_REFLECTION_BUFFERS UNITY_USE_DITHER_MASK_FOR_ALPHABLENDED_SHADOWS UNITY_PBS_USE_BRDF1 UNITY_SPECCUBE_BOX_PROJECTION UNITY_SPECCUBE_BLENDING UNITY_ENABLE_DETAIL_NORMALMAP SHADER_API_DESKTOP UNITY_COLORSPACE_GAMMA UNITY_LIGHT_PROBE_PROXY_VOLUME UNITY_LIGHTMAP_FULL_HDR ok=1
Cmd: preprocess
  insize=40679 outsize=1873 ok=1
Cmd: preprocess
  insize=40679 outsize=1873 ok=1
Cmd: preprocess
  insize=40679 outsize=1873 ok=1
Cmd: preprocess
  insize=40679 outsize=1873 ok=1
Cmd: preprocess
  insize=40679 outsize=1873 ok=1
Cmd: preprocess
  insize=811 outsize=209 ok=1
Cmd: preprocess
  insize=811 outsize=209 ok=1
Cmd: preprocess
  insize=811 outsize=209 ok=1
Cmd: preprocess
  insize=811 outsize=209 ok=1
Cmd: preprocess
  insize=811 outsize=209 ok=1
Cmd: preprocess
  insize=811 outsize=209 ok=1
Cmd: preprocess
  insize=811 outsize=209 ok=1
Cmd: preprocess
  insize=811 outsize=209 ok=1
Cmd: preprocess
  insize=811 outsize=209 ok=1
Cmd: preprocess
  insize=811 outsize=209 ok=1
Cmd: preprocess
  insize=811 outsize=209 ok=1
Cmd: preprocess
  insize=811 outsize=209 ok=1
Cmd: preprocess
  insize=811 outsize=209 ok=1
Cmd: preprocess
  insize=811 outsize=209 ok=1
Cmd: preprocess
  insize=811 outsize=209 ok=1
Cmd: preprocess
  insize=811 outsize=209 ok=1
Cmd: preprocess
  insize=811 outsize=209 ok=1
Cmd: preprocess
  insize=811 outsize=209 ok=1
Cmd: preprocess
  insize=811 outsize=209 ok=1
Cmd: preprocess
  insize=811 outsize=209 ok=1
Cmd: preprocess
  insize=811 outsize=209 ok=1
Cmd: preprocess
  insize=3720 outsize=415 ok=1
Cmd: preprocess
  insize=4024 outsize=408 ok=1
Cmd: preprocess
  insize=3280 outsize=408 ok=1
Cmd: preprocess
  insize=4209 outsize=408 ok=1
Cmd: preprocess
  insize=3954 outsize=408 ok=1
Cmd: preprocess
  insize=4137 outsize=408 ok=1
Cmd: preprocess
  insize=4730 outsize=407 ok=1
Cmd: preprocess
  insize=4919 outsize=408 ok=1
Cmd: preprocess
  insize=5466 outsize=404 ok=1
Cmd: preprocess
  insize=5830 outsize=406 ok=1
Cmd: preprocess
  insize=3983 outsize=408 ok=1
Cmd: preprocess
  insize=42307 outsize=1865 ok=1
Cmd: preprocess
  insize=6830 outsize=404 ok=1
Cmd: preprocess
  insize=4242 outsize=408 ok=1
Cmd: preprocess
  insize=4649 outsize=403 ok=1
Cmd: preprocess
  insize=6447 outsize=404 ok=1
Cmd: preprocess
  insize=40679 outsize=1873 ok=1
Cmd: compileSnippet
  api=4 type=0 insize=16577 outsize=5382 kw=_SUNDISK_NONE pd=UNITY_ENABLE_REFLECTION_BUFFERS UNITY_USE_DITHER_MASK_FOR_ALPHABLENDED_SHADOWS UNITY_PBS_USE_BRDF1 UNITY_SPECCUBE_BOX_PROJECTION UNITY_SPECCUBE_BLENDING UNITY_ENABLE_DETAIL_NORMALMAP SHADER_API_DESKTOP UNITY_COLORSPACE_GAMMA UNITY_LIGHT_PROBE_PROXY_VOLUME UNITY_LIGHTMAP_FULL_HDR ok=1
Cmd: compileSnippet
  api=4 type=1 insize=16577 outsize=442 kw=_SUNDISK_NONE pd=UNITY_ENABLE_REFLECTION_BUFFERS UNITY_USE_DITHER_MASK_FOR_ALPHABLENDED_SHADOWS UNITY_PBS_USE_BRDF1 UNITY_SPECCUBE_BOX_PROJECTION UNITY_SPECCUBE_BLENDING UNITY_ENABLE_DETAIL_NORMALMAP SHADER_API_DESKTOP UNITY_COLORSPACE_GAMMA UNITY_LIGHT_PROBE_PROXY_VOLUME UNITY_LIGHTMAP_FULL_HDR ok=1
Cmd: compileSnippet
  api=4 type=0 insize=16577 outsize=5666 kw=_SUNDISK_SIMPLE pd=UNITY_ENABLE_REFLECTION_BUFFERS UNITY_USE_DITHER_MASK_FOR_ALPHABLENDED_SHADOWS UNITY_PBS_USE_BRDF1 UNITY_SPECCUBE_BOX_PROJECTION UNITY_SPECCUBE_BLENDING UNITY_ENABLE_DETAIL_NORMALMAP SHADER_API_DESKTOP UNITY_COLORSPACE_GAMMA UNITY_LIGHT_PROBE_PROXY_VOLUME UNITY_LIGHTMAP_FULL_HDR ok=1
Cmd: compileSnippet
  api=4 type=1 insize=16577 outsize=902 kw=_SUNDISK_SIMPLE pd=UNITY_ENABLE_REFLECTION_BUFFERS UNITY_USE_DITHER_MASK_FOR_ALPHABLENDED_SHADOWS UNITY_PBS_USE_BRDF1 UNITY_SPECCUBE_BOX_PROJECTION UNITY_SPECCUBE_BLENDING UNITY_ENABLE_DETAIL_NORMALMAP SHADER_API_DESKTOP UNITY_COLORSPACE_GAMMA UNITY_LIGHT_PROBE_PROXY_VOLUME UNITY_LIGHTMAP_FULL_HDR ok=1
Cmd: preprocess
  insize=811 outsize=209 ok=1
Cmd: preprocess
  insize=811 outsize=209 ok=1
Cmd: preprocess
  insize=811 outsize=209 ok=1
Cmd: preprocess
  insize=811 outsize=209 ok=1
Cmd: preprocess
  insize=811 outsize=209 ok=1
Cmd: preprocess
  insize=811 outsize=209 ok=1
Cmd: preprocess
  insize=811 outsize=209 ok=1
Cmd: preprocess
  insize=811 outsize=209 ok=1
Cmd: preprocess
  insize=811 outsize=209 ok=1
Cmd: preprocess
  insize=811 outsize=209 ok=1
Cmd: preprocess
  insize=811 outsize=209 ok=1
Cmd: preprocess
  insize=811 outsize=209 ok=1
Cmd: preprocess
  insize=811 outsize=209 ok=1
Cmd: preprocess
  insize=811 outsize=209 ok=1
Cmd: preprocess
  insize=811 outsize=209 ok=1
Cmd: preprocess
  insize=811 outsize=209 ok=1
Cmd: preprocess
  insize=811 outsize=209 ok=1
Cmd: preprocess
  insize=811 outsize=209 ok=1
Cmd: preprocess
  insize=811 outsize=209 ok=1
Cmd: preprocess
  insize=811 outsize=209 ok=1
Cmd: preprocess
  insize=811 outsize=209 ok=1
Cmd: preprocess
  insize=3720 outsize=415 ok=1
Cmd: preprocess
  insize=4024 outsize=408 ok=1
Cmd: preprocess
  insize=3280 outsize=408 ok=1
Cmd: preprocess
  insize=4209 outsize=408 ok=1
Cmd: preprocess
  insize=3954 outsize=408 ok=1
Cmd: preprocess
  insize=4137 outsize=408 ok=1
Cmd: preprocess
  insize=4730 outsize=407 ok=1
Cmd: preprocess
  insize=4919 outsize=408 ok=1
Cmd: preprocess
  insize=5466 outsize=404 ok=1
Cmd: preprocess
  insize=5830 outsize=406 ok=1
Cmd: preprocess
  insize=3983 outsize=408 ok=1
Cmd: preprocess
  insize=42307 outsize=1865 ok=1
Cmd: preprocess
  insize=6830 outsize=404 ok=1
Cmd: preprocess
  insize=4242 outsize=408 ok=1
Cmd: preprocess
  insize=4649 outsize=403 ok=1
Cmd: preprocess
  insize=6447 outsize=404 ok=1
Cmd: preprocess
  insize=4024 outsize=408 ok=1
Cmd: preprocess
  insize=3280 outsize=408 ok=1
Cmd: preprocess
  insize=4209 outsize=408 ok=1
Cmd: preprocess
  insize=4919 outsize=408 ok=1
Cmd: preprocess
  insize=5466 outsize=404 ok=1
Cmd: preprocess
  insize=5830 outsize=406 ok=1
Cmd: preprocess
  insize=6447 outsize=404 ok=1
Cmd: preprocess
  insize=6830 outsize=404 ok=1
Cmd: preprocess
  insize=42307 outsize=1865 ok=1
Cmd: preprocess
  insize=4730 outsize=407 ok=1
Cmd: preprocess
  insize=3720 outsize=415 ok=1
Cmd: preprocess
  insize=3983 outsize=408 ok=1
Cmd: preprocess
  insize=3954 outsize=408 ok=1
Cmd: preprocess
  insize=4137 outsize=408 ok=1
Cmd: preprocess
  insize=4242 outsize=408 ok=1
Cmd: preprocess
  insize=4649 outsize=403 ok=1
Cmd: preprocess
  insize=811 outsize=209 ok=1
Cmd: preprocess
  insize=811 outsize=209 ok=1
Cmd: preprocess
  insize=811 outsize=209 ok=1
Cmd: preprocess
  insize=811 outsize=209 ok=1
Cmd: preprocess
  insize=811 outsize=209 ok=1
Cmd: preprocess
  insize=811 outsize=209 ok=1
Cmd: preprocess
  insize=811 outsize=209 ok=1
Cmd: preprocess
  insize=811 outsize=209 ok=1
Cmd: preprocess
  insize=811 outsize=209 ok=1
Cmd: preprocess
  insize=811 outsize=209 ok=1
Cmd: preprocess
  insize=811 outsize=209 ok=1
Cmd: preprocess
  insize=811 outsize=209 ok=1
Cmd: preprocess
  insize=811 outsize=209 ok=1
Cmd: preprocess
  insize=811 outsize=209 ok=1
Cmd: preprocess
  insize=811 outsize=209 ok=1
Cmd: preprocess
  insize=811 outsize=209 ok=1
Cmd: preprocess
  insize=811 outsize=209 ok=1
Cmd: preprocess
  insize=811 outsize=209 ok=1
Cmd: preprocess
  insize=811 outsize=209 ok=1
Cmd: preprocess
  insize=811 outsize=209 ok=1
Cmd: preprocess
  insize=811 outsize=209 ok=1
Cmd: preprocess
  insize=3720 outsize=415 ok=1
Cmd: preprocess
  insize=4024 outsize=408 ok=1
Cmd: preprocess
  insize=3280 outsize=408 ok=1
Cmd: preprocess
  insize=4209 outsize=408 ok=1
Cmd: preprocess
  insize=3954 outsize=408 ok=1
Cmd: preprocess
  insize=4137 outsize=408 ok=1
Cmd: preprocess
  insize=4730 outsize=407 ok=1
Cmd: preprocess
  insize=4919 outsize=408 ok=1
Cmd: preprocess
  insize=5466 outsize=404 ok=1
Cmd: preprocess
  insize=5830 outsize=406 ok=1
Cmd: preprocess
  insize=3983 outsize=408 ok=1
Cmd: preprocess
  insize=42307 outsize=1865 ok=1
Cmd: preprocess
  insize=6830 outsize=404 ok=1
Cmd: preprocess
  insize=4242 outsize=408 ok=1
Cmd: preprocess
  insize=4649 outsize=403 ok=1
Cmd: preprocess
  insize=6447 outsize=404 ok=1
Cmd: preprocess
  insize=4024 outsize=408 ok=1
Cmd: preprocess
  insize=3280 outsize=408 ok=1
Cmd: preprocess
  insize=4209 outsize=408 ok=1
Cmd: preprocess
  insize=4919 outsize=408 ok=1
Cmd: preprocess
  insize=5466 outsize=404 ok=1
Cmd: preprocess
  insize=5830 outsize=406 ok=1
Cmd: preprocess
  insize=6447 outsize=404 ok=1
Cmd: preprocess
  insize=6830 outsize=404 ok=1
Cmd: preprocess
  insize=42307 outsize=1865 ok=1
Cmd: preprocess
  insize=4730 outsize=407 ok=1
Cmd: preprocess
  insize=3720 outsize=415 ok=1
Cmd: preprocess
  insize=3983 outsize=408 ok=1
Cmd: preprocess
  insize=3954 outsize=408 ok=1
Cmd: preprocess
  insize=4137 outsize=408 ok=1
Cmd: preprocess
  insize=4242 outsize=408 ok=1
Cmd: preprocess
  insize=4649 outsize=403 ok=1
Cmd: preprocess
  insize=40679 outsize=1873 ok=1
Cmd: preprocess
  insize=40679 outsize=1873 ok=1
Cmd: preprocess
  insize=40679 outsize=1873 ok=1
